SF:lib/src/entities/enums.dart
DA:15,3
DA:17,3
DA:19,3
DA:21,3
DA:23,3
DA:25,3
DA:27,3
DA:29,3
DA:31,3
DA:33,3
DA:38,3
DA:39,3
DA:41,6
DA:42,6
DA:43,6
DA:44,6
DA:45,6
DA:46,6
DA:47,6
DA:48,6
DA:49,6
DA:52,2
DA:53,2
DA:54,2
DA:55,2
DA:56,2
DA:57,2
DA:58,1
DA:60,2
LF:29
LH:29
end_of_record
SF:lib/src/entities/date_time_picker_wheel_option.dart
DA:7,9
LF:1
LH:1
end_of_record
SF:lib/src/entities/date_time_picker_item_flex.dart
DA:23,10
DA:69,2
DA:71,2
DA:72,2
DA:73,2
DA:74,2
DA:75,2
DA:76,2
DA:77,2
DA:78,2
DA:79,2
DA:80,2
DA:81,2
DA:82,2
DA:83,2
DA:84,2
DA:85,2
DA:86,2
DA:87,2
DA:88,2
LF:20
LH:20
end_of_record
SF:lib/src/scroll_date_time_picker.dart
DA:30,1
DA:116,1
DA:117,1
DA:130,1
DA:132,1
DA:134,5
DA:135,2
DA:137,3
DA:138,4
DA:139,3
DA:140,4
DA:141,2
DA:142,3
DA:143,2
DA:146,3
DA:147,1
DA:151,1
DA:153,1
DA:155,4
DA:156,2
DA:157,3
DA:158,3
DA:160,6
DA:161,6
DA:162,1
DA:163,2
DA:164,4
DA:165,2
DA:168,2
DA:169,1
DA:171,2
DA:179,4
DA:180,2
DA:181,3
DA:186,1
DA:188,2
DA:189,2
DA:190,2
DA:191,1
DA:194,1
DA:197,1
DA:199,1
DA:200,2
DA:201,1
DA:202,5
DA:203,1
DA:205,1
DA:207,1
DA:208,2
DA:209,1
DA:210,1
DA:211,1
DA:212,3
DA:213,1
DA:214,1
DA:215,3
DA:216,1
DA:217,3
DA:218,1
DA:220,1
DA:221,3
DA:223,3
DA:231,3
DA:232,1
DA:239,1
DA:240,1
DA:241,5
DA:242,1
DA:243,1
DA:244,3
DA:245,1
DA:246,3
DA:247,1
DA:249,1
DA:250,3
DA:251,1
DA:252,2
DA:253,2
DA:254,2
DA:255,2
DA:256,2
DA:257,2
DA:258,1
DA:259,2
DA:260,2
DA:262,2
DA:266,2
DA:267,3
DA:274,1
DA:275,1
DA:276,2
DA:278,2
DA:279,1
DA:282,2
DA:283,2
DA:287,1
DA:288,2
DA:289,2
DA:291,2
DA:295,2
DA:296,3
DA:303,1
DA:304,1
DA:305,2
DA:307,2
DA:308,1
DA:311,2
DA:312,2
DA:328,1
DA:329,2
DA:331,5
DA:334,3
DA:335,1
DA:336,5
DA:338,1
DA:339,2
DA:341,1
DA:342,2
DA:344,1
DA:345,2
DA:347,1
DA:348,2
DA:350,1
DA:351,4
DA:353,1
DA:354,2
DA:356,1
DA:357,2
DA:359,1
DA:360,3
DA:364,3
DA:365,3
DA:366,3
DA:374,1
DA:375,2
DA:378,2
DA:381,2
DA:382,5
DA:383,3
DA:385,5
DA:388,2
DA:389,3
DA:392,2
DA:393,2
DA:394,1
DA:395,1
DA:396,1
DA:397,1
DA:398,2
DA:404,1
DA:405,3
DA:406,2
DA:410,1
DA:411,5
DA:413,1
DA:414,1
DA:416,1
DA:417,1
DA:419,1
DA:420,1
DA:427,1
DA:428,2
DA:429,2
DA:435,1
DA:440,1
DA:442,7
DA:444,1
DA:445,1
DA:446,5
DA:448,3
DA:449,1
DA:451,2
LF:172
LH:172
end_of_record
SF:lib/src/entities/date_time_picker_style.dart
DA:5,1
LF:1
LH:1
end_of_record
SF:lib/src/entities/date_time_picker_center_widget.dart
DA:34,11
DA:125,2
DA:126,2
DA:127,1
DA:128,1
DA:129,1
DA:130,1
DA:131,1
DA:132,1
DA:133,1
DA:134,1
DA:140,2
DA:142,2
DA:143,2
DA:144,2
DA:145,2
DA:146,2
DA:147,2
DA:148,2
DA:149,1
DA:150,2
DA:151,2
DA:152,2
DA:153,1
DA:154,2
DA:155,2
DA:156,2
DA:157,2
DA:158,1
DA:159,1
LF:30
LH:30
end_of_record
SF:lib/src/entities/date_time_picker_option.dart
DA:5,3
DA:55,12
DA:56,5
DA:60,2
DA:61,4
DA:62,3
DA:65,8
DA:66,2
DA:67,2
DA:69,6
DA:70,2
DA:73,2
DA:74,2
DA:78,6
DA:79,2
DA:84,4
DA:86,2
DA:87,2
DA:91,6
DA:92,4
DA:99,4
DA:100,2
DA:103,2
LF:23
LH:23
end_of_record
SF:lib/src/entities/date_time_picker_helper.dart
DA:6,2
DA:9,4
DA:10,4
DA:12,2
DA:13,1
DA:16,18
DA:18,2
DA:20,2
DA:22,2
DA:23,2
DA:24,2
DA:26,2
DA:28,2
DA:30,2
DA:32,2
DA:34,2
DA:36,2
DA:38,1
DA:40,1
DA:42,1
DA:50,4
DA:51,2
DA:52,10
DA:55,2
DA:57,2
DA:58,2
DA:59,2
DA:61,2
DA:63,2
DA:65,2
DA:67,2
DA:69,2
DA:71,2
DA:73,2
DA:78,2
DA:79,4
DA:82,2
DA:83,2
DA:85,6
DA:86,8
DA:87,2
DA:88,2
DA:90,6
DA:91,6
DA:92,2
DA:93,2
DA:95,6
DA:96,6
DA:97,2
DA:98,2
DA:100,6
DA:101,6
DA:102,2
DA:103,2
DA:105,6
DA:106,4
DA:107,2
DA:108,2
DA:110,6
DA:111,6
DA:112,2
DA:113,2
DA:115,6
DA:116,4
DA:117,2
DA:118,2
DA:120,6
DA:121,4
DA:122,2
DA:123,2
DA:125,6
DA:126,6
DA:130,2
DA:136,4
DA:139,2
DA:140,4
DA:142,4
DA:143,2
DA:144,2
DA:146,2
DA:148,2
DA:149,2
DA:151,4
DA:152,2
DA:153,2
DA:155,2
DA:157,2
DA:158,2
DA:160,6
DA:161,2
DA:163,2
DA:165,2
DA:166,2
DA:167,2
DA:168,2
DA:169,2
DA:170,6
DA:171,6
DA:173,2
DA:174,2
DA:176,2
DA:177,2
DA:178,2
DA:180,4
DA:181,2
DA:182,1
DA:184,2
DA:186,2
DA:187,2
DA:189,2
DA:190,2
DA:192,2
DA:193,2
DA:194,2
DA:198,4
DA:201,3
DA:203,2
DA:210,2
DA:212,2
DA:213,2
DA:214,2
DA:215,2
DA:217,6
DA:218,2
DA:221,2
DA:227,12
DA:232,2
DA:233,4
DA:234,4
DA:235,4
DA:250,2
DA:260,2
DA:261,2
DA:262,2
DA:263,2
DA:264,2
DA:265,2
DA:266,2
DA:267,2
DA:268,2
LF:140
LH:140
end_of_record
SF:lib/src/widgets/picker_widget.dart
DA:6,2
DA:29,2
DA:30,2
DA:40,2
DA:42,2
DA:44,8
DA:45,6
DA:48,1
DA:50,1
DA:52,4
DA:53,0
DA:54,0
DA:59,2
DA:61,8
DA:62,4
DA:63,4
DA:64,4
DA:65,2
DA:68,2
DA:70,2
DA:72,2
DA:74,2
DA:75,2
DA:76,2
DA:77,4
DA:79,2
DA:80,2
DA:81,4
DA:82,4
DA:83,4
DA:84,4
DA:85,4
DA:86,4
DA:88,4
DA:89,4
DA:90,2
DA:91,8
DA:92,4
DA:93,4
DA:95,6
DA:103,2
DA:104,2
DA:105,4
DA:106,2
DA:107,2
DA:108,4
DA:109,2
DA:110,8
DA:111,4
DA:112,4
DA:114,6
DA:122,2
DA:123,0
DA:124,0
DA:125,2
DA:126,2
DA:127,2
DA:128,4
DA:129,4
DA:130,4
DA:131,4
DA:132,4
DA:133,4
DA:134,4
DA:136,4
DA:137,4
DA:138,2
DA:139,8
DA:140,8
DA:149,2
DA:150,12
DA:151,12
DA:154,2
DA:155,6
DA:156,4
DA:159,2
DA:160,12
DA:161,8
DA:162,6
DA:163,2
DA:164,6
DA:167,4
DA:169,10
DA:172,6
DA:174,4
DA:176,14
DA:178,6
DA:185,6
DA:195,2
DA:201,1
DA:204,2
DA:207,2
DA:208,8
DA:209,4
DA:211,2
DA:213,2
DA:215,2
DA:216,2
DA:217,6
DA:220,2
DA:221,2
DA:222,2
DA:223,2
LF:103
LH:99
end_of_record
SF:lib/src/widgets/scroll_type_listener.dart
DA:4,3
DA:15,3
DA:17,3
DA:18,1
DA:19,4
DA:20,4
DA:21,4
DA:24,1
DA:25,3
DA:29,1
DA:30,2
DA:31,4
DA:35,1
DA:36,3
DA:41,3
LF:15
LH:15
end_of_record
