SF:lib/src/entities/enums.dart
DA:15,3
DA:17,3
DA:19,3
DA:21,3
DA:23,3
DA:25,3
DA:27,3
DA:29,3
DA:31,3
DA:33,3
DA:38,3
DA:39,3
DA:41,6
DA:42,6
DA:43,6
DA:44,6
DA:45,6
DA:46,6
DA:47,6
DA:48,6
DA:49,6
DA:52,2
DA:53,2
DA:54,2
DA:55,2
DA:56,2
DA:57,2
DA:58,1
DA:60,2
LF:29
LH:29
end_of_record
SF:lib/src/entities/date_time_picker_wheel_option.dart
DA:7,9
LF:1
LH:1
end_of_record
SF:lib/src/entities/date_time_picker_item_flex.dart
DA:23,10
DA:69,2
DA:71,2
DA:72,2
DA:73,2
DA:74,2
DA:75,2
DA:76,2
DA:77,2
DA:78,2
DA:79,2
DA:80,2
DA:81,2
DA:82,2
DA:83,2
DA:84,2
DA:85,2
DA:86,2
DA:87,2
DA:88,2
LF:20
LH:20
end_of_record
SF:lib/src/entities/date_time_picker_style.dart
DA:5,1
LF:1
LH:1
end_of_record
SF:lib/src/scroll_date_time_picker.dart
DA:30,1
DA:107,1
DA:108,1
DA:121,1
DA:123,1
DA:125,5
DA:126,2
DA:128,3
DA:129,4
DA:130,3
DA:131,4
DA:132,2
DA:133,3
DA:134,2
DA:137,3
DA:138,1
DA:142,1
DA:144,1
DA:146,4
DA:147,2
DA:148,3
DA:149,3
DA:151,6
DA:152,6
DA:153,1
DA:154,2
DA:155,4
DA:156,2
DA:159,2
DA:160,1
DA:162,2
DA:170,4
DA:171,2
DA:172,3
DA:177,1
DA:179,2
DA:180,2
DA:181,2
DA:182,1
DA:185,1
DA:188,1
DA:190,1
DA:191,2
DA:192,1
DA:193,5
DA:194,1
DA:196,1
DA:198,1
DA:199,2
DA:200,1
DA:201,1
DA:202,1
DA:203,3
DA:204,1
DA:205,1
DA:206,3
DA:207,1
DA:208,3
DA:209,1
DA:211,1
DA:212,3
DA:214,3
DA:222,3
DA:223,1
DA:230,1
DA:231,1
DA:232,5
DA:233,1
DA:234,1
DA:235,3
DA:236,1
DA:237,3
DA:238,1
DA:240,1
DA:241,3
DA:242,1
DA:243,2
DA:244,2
DA:245,2
DA:246,2
DA:247,2
DA:248,2
DA:249,1
DA:250,2
DA:251,2
DA:253,2
DA:257,2
DA:258,3
DA:265,1
DA:266,1
DA:267,2
DA:269,2
DA:270,1
DA:273,2
DA:274,2
DA:278,1
DA:279,2
DA:280,2
DA:282,2
DA:286,2
DA:287,3
DA:294,1
DA:295,1
DA:296,2
DA:298,2
DA:299,1
DA:302,2
DA:303,2
DA:319,1
DA:320,2
DA:322,5
DA:325,3
DA:326,1
DA:327,5
DA:329,1
DA:330,2
DA:332,1
DA:333,2
DA:335,1
DA:336,2
DA:338,1
DA:339,2
DA:341,1
DA:342,4
DA:344,1
DA:345,2
DA:347,1
DA:348,2
DA:350,1
DA:351,3
DA:355,3
DA:356,3
DA:357,3
DA:365,1
DA:366,2
DA:369,2
DA:372,3
DA:373,3
DA:376,2
DA:377,3
DA:380,2
DA:381,2
DA:382,1
DA:383,1
DA:384,1
DA:385,1
DA:386,2
DA:392,1
DA:393,3
DA:394,2
DA:398,1
DA:399,5
DA:401,1
DA:402,1
DA:404,1
DA:405,1
DA:407,1
DA:408,1
DA:415,1
DA:416,2
DA:417,2
DA:423,1
DA:428,1
DA:430,7
DA:432,1
DA:433,1
DA:434,5
DA:436,3
DA:437,1
DA:439,2
LF:170
LH:170
end_of_record
SF:lib/src/entities/date_time_picker_center_widget.dart
DA:34,11
DA:125,2
DA:126,2
DA:127,1
DA:128,1
DA:129,1
DA:130,1
DA:131,1
DA:132,1
DA:133,1
DA:134,1
DA:140,2
DA:142,2
DA:143,2
DA:144,2
DA:145,2
DA:146,2
DA:147,2
DA:148,2
DA:149,1
DA:150,2
DA:151,2
DA:152,2
DA:153,1
DA:154,2
DA:155,2
DA:156,2
DA:157,2
DA:158,1
DA:159,1
LF:30
LH:30
end_of_record
SF:lib/src/entities/date_time_picker_option.dart
DA:5,3
DA:55,12
DA:56,5
DA:60,2
DA:61,4
DA:62,3
DA:65,8
DA:66,2
DA:67,2
DA:69,6
DA:70,2
DA:73,2
DA:74,2
DA:78,6
DA:79,2
DA:84,4
DA:86,2
DA:87,2
DA:91,6
DA:92,4
DA:99,4
DA:100,2
DA:103,2
LF:23
LH:23
end_of_record
SF:lib/src/entities/date_time_picker_helper.dart
DA:6,2
DA:9,4
DA:10,4
DA:12,2
DA:13,1
DA:16,18
DA:18,2
DA:20,2
DA:22,2
DA:23,2
DA:24,2
DA:26,2
DA:28,2
DA:30,2
DA:32,2
DA:34,2
DA:36,2
DA:38,1
DA:40,1
DA:42,1
DA:50,4
DA:51,2
DA:52,10
DA:55,2
DA:57,2
DA:58,2
DA:59,2
DA:61,2
DA:63,2
DA:65,2
DA:67,2
DA:69,2
DA:71,2
DA:73,2
DA:78,2
DA:79,4
DA:82,2
DA:83,2
DA:85,6
DA:86,8
DA:87,2
DA:88,2
DA:90,6
DA:91,6
DA:92,2
DA:93,2
DA:95,6
DA:96,6
DA:97,2
DA:98,2
DA:100,6
DA:101,6
DA:102,2
DA:103,2
DA:105,6
DA:106,4
DA:107,2
DA:108,2
DA:110,6
DA:111,6
DA:112,2
DA:113,2
DA:115,6
DA:116,4
DA:117,2
DA:118,2
DA:120,6
DA:121,4
DA:122,2
DA:123,2
DA:125,6
DA:126,6
DA:130,2
DA:136,4
DA:139,2
DA:140,4
DA:142,4
DA:143,2
DA:144,2
DA:146,2
DA:148,2
DA:149,2
DA:151,4
DA:152,2
DA:153,2
DA:155,2
DA:157,2
DA:158,2
DA:160,6
DA:161,2
DA:163,2
DA:165,2
DA:166,2
DA:167,2
DA:168,2
DA:169,2
DA:170,6
DA:171,6
DA:173,2
DA:174,2
DA:176,2
DA:177,2
DA:178,2
DA:180,4
DA:181,2
DA:182,1
DA:184,2
DA:186,2
DA:187,2
DA:189,2
DA:190,2
DA:192,2
DA:193,2
DA:194,2
DA:198,4
DA:201,3
DA:203,2
DA:210,2
DA:212,2
DA:213,2
DA:214,2
DA:215,2
DA:217,6
DA:218,2
DA:221,2
DA:227,12
DA:232,2
DA:233,4
DA:234,4
DA:235,4
DA:250,2
DA:260,2
DA:261,2
DA:262,2
DA:263,2
DA:264,2
DA:265,2
DA:266,2
DA:267,2
DA:268,2
LF:140
LH:140
end_of_record
SF:lib/src/widgets/picker_widget.dart
DA:6,2
DA:29,2
DA:30,2
DA:40,2
DA:42,2
DA:44,8
DA:45,6
DA:48,1
DA:50,1
DA:52,4
DA:53,0
DA:54,0
DA:59,2
DA:61,8
DA:62,4
DA:63,4
DA:64,4
DA:65,2
DA:68,2
DA:70,2
DA:72,2
DA:74,2
DA:75,2
DA:76,2
DA:77,4
DA:79,2
DA:80,2
DA:81,4
DA:82,4
DA:83,4
DA:84,4
DA:85,4
DA:86,4
DA:88,4
DA:89,4
DA:90,2
DA:91,8
DA:92,4
DA:93,4
DA:95,6
DA:103,2
DA:104,2
DA:105,4
DA:106,2
DA:107,2
DA:108,4
DA:109,2
DA:110,8
DA:111,4
DA:112,4
DA:114,6
DA:122,2
DA:123,0
DA:124,0
DA:125,2
DA:126,2
DA:127,2
DA:128,4
DA:129,4
DA:130,4
DA:131,4
DA:132,4
DA:133,4
DA:134,4
DA:136,4
DA:137,4
DA:138,2
DA:139,8
DA:140,8
DA:149,2
DA:150,12
DA:151,12
DA:154,2
DA:155,6
DA:156,4
DA:159,2
DA:160,12
DA:161,8
DA:162,6
DA:163,2
DA:164,6
DA:167,4
DA:169,10
DA:172,6
DA:174,4
DA:176,14
DA:178,6
DA:185,6
DA:195,2
DA:201,1
DA:204,2
DA:207,2
DA:208,8
DA:209,4
DA:211,2
DA:213,2
DA:215,2
DA:216,2
DA:217,6
DA:220,2
DA:221,2
DA:222,2
DA:223,2
LF:103
LH:99
end_of_record
SF:lib/src/widgets/scroll_type_listener.dart
DA:4,3
DA:15,3
DA:17,3
DA:18,1
DA:19,4
DA:20,4
DA:21,4
DA:24,1
DA:25,3
DA:29,1
DA:30,2
DA:31,4
DA:35,1
DA:36,3
DA:41,3
LF:15
LH:15
end_of_record
